<?xml version="1.0" encoding="UTF-8"?>
<testsuite xmlns:xsi="http://www.w3.org/2001/XMLSchema-instance" xsi:noNamespaceSchemaLocation="https://maven.apache.org/surefire/maven-surefire-plugin/xsd/surefire-test-report-3.0.xsd" version="3.0" name="cucumber.Options.TestCase" time="8.491" tests="2" errors="0" skipped="0" failures="0">
  <properties>
[...]
</properties>
  <testcase name="Validate Testing of ADD_Place" classname="API Testing of Loaction" time="6.627">
    <system-out><![CDATA[
@AddPlace
Scenario Outline: Validate Testing of ADD_Place                              # src/test/java/Features/AddPlace.feature:14
  Given Add Add_Place payload with "rahulshetty" "English" "Bangalore,India" # StepDefinition.stepDefinition.add_add_place_payload_with(java.lang.String,java.lang.String,java.lang.String)
/maps/api/place/add/json
  When Call "AddPlaceAPI" with "Post" http request                           # StepDefinition.stepDefinition.call_with_http_request(java.lang.String,java.lang.String)
  Then verify API sucess with statusCode 200                                 # StepDefinition.stepDefinition.verify_api_sucess_with_status_code(java.lang.Integer)
  Then check "status" message as "OK"                                        # StepDefinition.stepDefinition.check_message_as(java.lang.String,java.lang.String)
  Then check "scope" message as "APP"                                        # StepDefinition.stepDefinition.check_message_as(java.lang.String,java.lang.String)
/maps/api/place/get/json
  And verify place_id map with "rahulshetty" using "GetPlaceAPI" request     # StepDefinition.stepDefinition.verify_place_id_map_with_using_request(java.lang.String,java.lang.String)
]]></system-out>
  </testcase>
  <testcase name="Validate Delete payload" classname="API Testing of Loaction" time="1.323">
    <system-out><![CDATA[
@DeletePlace
Scenario: Validate Delete payload                     # src/test/java/Features/AddPlace.feature:19
  Given Add delete payload with place_id              # StepDefinition.stepDefinition.add_delete_payload_with_place_id()
/maps/api/place/delete/json
  When Call "DeletePlaceAPI" with "Post" http request # StepDefinition.stepDefinition.call_with_http_request(java.lang.String,java.lang.String)
  Then verify API sucess with statusCode 200          # StepDefinition.stepDefinition.verify_api_sucess_with_status_code(java.lang.Integer)
  And check "status" message as "OK"                  # StepDefinition.stepDefinition.check_message_as(java.lang.String,java.lang.String)
]]></system-out>
  </testcase>
</testsuite>